<?xml version="1.0" encoding="UTF-8"?>
<!-- Generated by org.testng.reporters.JUnitReportReporter -->
<testsuite hostname="Shivi" failures="0" tests="4" name="api_testing.reqres" time="14.107" errors="0" timestamp="2024-07-12T19:31:44 IST" skipped="0">
  <testcase classname="api_testing.reqres" name="single_user" time="0.230"/>
  <system-out/>
  <testcase classname="api_testing.reqres" name="create" time="1.009"/>
  <system-out/>
  <testcase classname="api_testing.reqres" name="single_usernot_found" time="0.760"/>
  <system-out/>
  <testcase classname="api_testing.reqres" name="ListOfviewrs" time="12.108"/>
  <system-out/>
</testsuite> <!-- api_testing.reqres -->
